# JRE version: OpenJDK Runtime Environment (8.0_242) (build 1.8.0_242-release-1644-b3-6222593)
# Java VM: OpenJDK 64-Bit Server VM (25.242-b3-6222593 mixed mode linux-amd64 compressed oops)
Heap:
 PSYoungGen      total 139776K, used 38694K [0x00000000e0000000, 0x00000000eb280000, 0x0000000100000000)
  eden space 128000K, 21% used [0x00000000e0000000,0x00000000e1b03350,0x00000000e7d00000)
  from space 11776K, 93% used [0x00000000e7d00000,0x00000000e87c6810,0x00000000e8880000)
  to   space 12800K, 0% used [0x00000000ea600000,0x00000000ea600000,0x00000000eb280000)
 ParOldGen       total 109568K, used 14838K [0x00000000a0000000, 0x00000000a6b00000, 0x00000000e0000000)
  object space 109568K, 13% used [0x00000000a0000000,0x00000000a0e7db78,0x00000000a6b00000)
 Metaspace       used 42390K, capacity 44048K, committed 44208K, reserved 1087488K
  class space    used 5685K, capacity 6038K, committed 6064K, reserved 1048576K
GC Heap History (10 events):
Event: 22.802 GC heap before
{Heap before GC invocations=7 (full 1):
 PSYoungGen      total 53760K, used 46080K [0x00000000e0000000, 0x00000000e7000000, 0x0000000100000000)
  eden space 46080K, 100% used [0x00000000e0000000,0x00000000e2d00000,0x00000000e2d00000)
  from space 7680K, 0% used [0x00000000e2d00000,0x00000000e2d00000,0x00000000e3480000)
  to   space 11264K, 0% used [0x00000000e6500000,0x00000000e6500000,0x00000000e7000000)
 ParOldGen       total 69632K, used 7776K [0x00000000a0000000, 0x00000000a4400000, 0x00000000e0000000)
  object space 69632K, 11% used [0x00000000a0000000,0x00000000a07980d8,0x00000000a4400000)
 Metaspace       used 24252K, capacity 25026K, committed 25264K, reserved 1071104K
  class space    used 3471K, capacity 3718K, committed 3760K, reserved 1048576K
Event: 22.818 GC heap after
Heap after GC invocations=7 (full 1):
 PSYoungGen      total 82944K, used 4804K [0x00000000e0000000, 0x00000000e6a00000, 0x0000000100000000)
  eden space 77824K, 0% used [0x00000000e0000000,0x00000000e0000000,0x00000000e4c00000)
  from space 5120K, 93% used [0x00000000e6500000,0x00000000e69b1128,0x00000000e6a00000)
  to   space 11776K, 0% used [0x00000000e5300000,0x00000000e5300000,0x00000000e5e80000)
 ParOldGen       total 69632K, used 7784K [0x00000000a0000000, 0x00000000a4400000, 0x00000000e0000000)
  object space 69632K, 11% used [0x00000000a0000000,0x00000000a079a0d8,0x00000000a4400000)
 Metaspace       used 24252K, capacity 25026K, committed 25264K, reserved 1071104K
  class space    used 3471K, capacity 3718K, committed 3760K, reserved 1048576K
}
Event: 28.539 GC heap before
{Heap before GC invocations=8 (full 1):
 PSYoungGen      total 82944K, used 82628K [0x00000000e0000000, 0x00000000e6a00000, 0x0000000100000000)
  eden space 77824K, 100% used [0x00000000e0000000,0x00000000e4c00000,0x00000000e4c00000)
  from space 5120K, 93% used [0x00000000e6500000,0x00000000e69b1128,0x00000000e6a00000)
  to   space 11776K, 0% used [0x00000000e5300000,0x00000000e5300000,0x00000000e5e80000)
 ParOldGen       total 69632K, used 7784K [0x00000000a0000000, 0x00000000a4400000, 0x00000000e0000000)
  object space 69632K, 11% used [0x00000000a0000000,0x00000000a079a0d8,0x00000000a4400000)
 Metaspace       used 32928K, capacity 33752K, committed 33968K, reserved 1079296K
  class space    used 4421K, capacity 4671K, committed 4784K, reserved 1048576K
Event: 28.564 GC heap after
Heap after GC invocations=8 (full 1):
 PSYoungGen      total 96768K, used 9831K [0x00000000e0000000, 0x00000000e9480000, 0x0000000100000000)
  eden space 84992K, 0% used [0x00000000e0000000,0x00000000e0000000,0x00000000e5300000)
  from space 11776K, 83% used [0x00000000e5300000,0x00000000e5c99fd8,0x00000000e5e80000)
  to   space 12288K, 0% used [0x00000000e8880000,0x00000000e8880000,0x00000000e9480000)
 ParOldGen       total 69632K, used 7792K [0x00000000a0000000, 0x00000000a4400000, 0x00000000e0000000)
  object space 69632K, 11% used [0x00000000a0000000,0x00000000a079c0d8,0x00000000a4400000)
 Metaspace       used 32928K, capacity 33752K, committed 33968K, reserved 1079296K
  class space    used 4421K, capacity 4671K, committed 4784K, reserved 1048576K
}
Event: 30.357 GC heap before
{Heap before GC invocations=9 (full 1):
 PSYoungGen      total 96768K, used 26219K [0x00000000e0000000, 0x00000000e9480000, 0x0000000100000000)
  eden space 84992K, 19% used [0x00000000e0000000,0x00000000e1000e38,0x00000000e5300000)
  from space 11776K, 83% used [0x00000000e5300000,0x00000000e5c99fd8,0x00000000e5e80000)
  to   space 12288K, 0% used [0x00000000e8880000,0x00000000e8880000,0x00000000e9480000)
 ParOldGen       total 69632K, used 7792K [0x00000000a0000000, 0x00000000a4400000, 0x00000000e0000000)
  object space 69632K, 11% used [0x00000000a0000000,0x00000000a079c0d8,0x00000000a4400000)
 Metaspace       used 34530K, capacity 35416K, committed 35496K, reserved 1079296K
  class space    used 4583K, capacity 4878K, committed 4912K, reserved 1048576K
Event: 30.384 GC heap after
Heap after GC invocations=9 (full 1):
 PSYoungGen      total 140288K, used 7756K [0x00000000e0000000, 0x00000000ea080000, 0x0000000100000000)
  eden space 128000K, 0% used [0x00000000e0000000,0x00000000e0000000,0x00000000e7d00000)
  from space 12288K, 63% used [0x00000000e8880000,0x00000000e90130f0,0x00000000e9480000)
  to   space 11776K, 0% used [0x00000000e7d00000,0x00000000e7d00000,0x00000000e8880000)
 ParOldGen       total 69632K, used 7800K [0x00000000a0000000, 0x00000000a4400000, 0x00000000e0000000)
  object space 69632K, 11% used [0x00000000a0000000,0x00000000a079e0d8,0x00000000a4400000)
 Metaspace       used 34530K, capacity 35416K, committed 35496K, reserved 1079296K
  class space    used 4583K, capacity 4878K, committed 4912K, reserved 1048576K
}
Event: 30.384 GC heap before
{Heap before GC invocations=10 (full 2):
 PSYoungGen      total 140288K, used 7756K [0x00000000e0000000, 0x00000000ea080000, 0x0000000100000000)
  eden space 128000K, 0% used [0x00000000e0000000,0x00000000e0000000,0x00000000e7d00000)
  from space 12288K, 63% used [0x00000000e8880000,0x00000000e90130f0,0x00000000e9480000)
  to   space 11776K, 0% used [0x00000000e7d00000,0x00000000e7d00000,0x00000000e8880000)
 ParOldGen       total 69632K, used 7800K [0x00000000a0000000, 0x00000000a4400000, 0x00000000e0000000)
  object space 69632K, 11% used [0x00000000a0000000,0x00000000a079e0d8,0x00000000a4400000)
 Metaspace       used 34530K, capacity 35416K, committed 35496K, reserved 1079296K
  class space    used 4583K, capacity 4878K, committed 4912K, reserved 1048576K
Event: 30.691 GC heap after
Heap after GC invocations=10 (full 2):
 PSYoungGen      total 140288K, used 0K [0x00000000e0000000, 0x00000000ea080000, 0x0000000100000000)
  eden space 128000K, 0% used [0x00000000e0000000,0x00000000e0000000,0x00000000e7d00000)
  from space 12288K, 0% used [0x00000000e8880000,0x00000000e8880000,0x00000000e9480000)
  to   space 11776K, 0% used [0x00000000e7d00000,0x00000000e7d00000,0x00000000e8880000)
 ParOldGen       total 109568K, used 14830K [0x00000000a0000000, 0x00000000a6b00000, 0x00000000e0000000)
  object space 109568K, 13% used [0x00000000a0000000,0x00000000a0e7bb78,0x00000000a6b00000)
 Metaspace       used 34518K, capacity 35400K, committed 35496K, reserved 1079296K
  class space    used 4579K, capacity 4874K, committed 4912K, reserved 1048576K
}
Event: 63.641 GC heap before
{Heap before GC invocations=11 (full 2):
 PSYoungGen      total 140288K, used 128000K [0x00000000e0000000, 0x00000000ea080000, 0x0000000100000000)
  eden space 128000K, 100% used [0x00000000e0000000,0x00000000e7d00000,0x00000000e7d00000)
  from space 12288K, 0% used [0x00000000e8880000,0x00000000e8880000,0x00000000e9480000)
  to   space 11776K, 0% used [0x00000000e7d00000,0x00000000e7d00000,0x00000000e8880000)
 ParOldGen       total 109568K, used 14830K [0x00000000a0000000, 0x00000000a6b00000, 0x00000000e0000000)
  object space 109568K, 13% used [0x00000000a0000000,0x00000000a0e7bb78,0x00000000a6b00000)
 Metaspace       used 40203K, capacity 41578K, committed 41904K, reserved 1085440K
  class space    used 5395K, capacity 5712K, committed 5808K, reserved 1048576K
Event: 63.669 GC heap after
Heap after GC invocations=11 (full 2):
 PSYoungGen      total 139776K, used 11034K [0x00000000e0000000, 0x00000000eb280000, 0x0000000100000000)
  eden space 128000K, 0% used [0x00000000e0000000,0x00000000e0000000,0x00000000e7d00000)
  from space 11776K, 93% used [0x00000000e7d00000,0x00000000e87c6810,0x00000000e8880000)
  to   space 12800K, 0% used [0x00000000ea600000,0x00000000ea600000,0x00000000eb280000)
 ParOldGen       total 109568K, used 14838K [0x00000000a0000000, 0x00000000a6b00000, 0x00000000e0000000)
  object space 109568K, 13% used [0x00000000a0000000,0x00000000a0e7db78,0x00000000a6b00000)
 Metaspace       used 40203K, capacity 41578K, committed 41904K, reserved 1085440K
  class space    used 5395K, capacity 5712K, committed 5808K, reserved 1048576K
}

