# JRE version: OpenJDK Runtime Environment (8.0_242) (build 1.8.0_242-release-1644-b3-6222593)
# Java VM: OpenJDK 64-Bit Server VM (25.242-b3-6222593 mixed mode linux-amd64 compressed oops)
Heap:
 PSYoungGen      total 53760K, used 51072K [0x00000000e0000000, 0x00000000e6900000, 0x0000000100000000)
  eden space 46080K, 95% used [0x00000000e0000000,0x00000000e2ae2c90,0x00000000e2d00000)
  from space 7680K, 93% used [0x00000000e3480000,0x00000000e3b7d738,0x00000000e3c00000)
  to   space 7680K, 0% used [0x00000000e2d00000,0x00000000e2d00000,0x00000000e3480000)
 ParOldGen       total 122880K, used 16K [0x00000000a0000000, 0x00000000a7800000, 0x00000000e0000000)
  object space 122880K, 0% used [0x00000000a0000000,0x00000000a0004000,0x00000000a7800000)
 Metaspace       used 16108K, capacity 16638K, committed 16768K, reserved 1062912K
  class space    used 2187K, capacity 2355K, committed 2432K, reserved 1048576K
GC Heap History (4 events):
Event: 2.747 GC heap before
{Heap before GC invocations=1 (full 0):
 PSYoungGen      total 53760K, used 46080K [0x00000000e0000000, 0x00000000e3c00000, 0x0000000100000000)
  eden space 46080K, 100% used [0x00000000e0000000,0x00000000e2d00000,0x00000000e2d00000)
  from space 7680K, 0% used [0x00000000e3480000,0x00000000e3480000,0x00000000e3c00000)
  to   space 7680K, 0% used [0x00000000e2d00000,0x00000000e2d00000,0x00000000e3480000)
 ParOldGen       total 122880K, used 0K [0x00000000a0000000, 0x00000000a7800000, 0x00000000e0000000)
  object space 122880K, 0% used [0x00000000a0000000,0x00000000a0000000,0x00000000a7800000)
 Metaspace       used 7243K, capacity 7440K, committed 7680K, reserved 1056768K
  class space    used 886K, capacity 968K, committed 1024K, reserved 1048576K
Event: 2.763 GC heap after
Heap after GC invocations=1 (full 0):
 PSYoungGen      total 53760K, used 4922K [0x00000000e0000000, 0x00000000e3c00000, 0x0000000100000000)
  eden space 46080K, 0% used [0x00000000e0000000,0x00000000e0000000,0x00000000e2d00000)
  from space 7680K, 64% used [0x00000000e2d00000,0x00000000e31ceb90,0x00000000e3480000)
  to   space 7680K, 0% used [0x00000000e3480000,0x00000000e3480000,0x00000000e3c00000)
 ParOldGen       total 122880K, used 8K [0x00000000a0000000, 0x00000000a7800000, 0x00000000e0000000)
  object space 122880K, 0% used [0x00000000a0000000,0x00000000a0002000,0x00000000a7800000)
 Metaspace       used 7243K, capacity 7440K, committed 7680K, reserved 1056768K
  class space    used 886K, capacity 968K, committed 1024K, reserved 1048576K
}
Event: 4.595 GC heap before
{Heap before GC invocations=2 (full 0):
 PSYoungGen      total 53760K, used 51002K [0x00000000e0000000, 0x00000000e3c00000, 0x0000000100000000)
  eden space 46080K, 100% used [0x00000000e0000000,0x00000000e2d00000,0x00000000e2d00000)
  from space 7680K, 64% used [0x00000000e2d00000,0x00000000e31ceb90,0x00000000e3480000)
  to   space 7680K, 0% used [0x00000000e3480000,0x00000000e3480000,0x00000000e3c00000)
 ParOldGen       total 122880K, used 8K [0x00000000a0000000, 0x00000000a7800000, 0x00000000e0000000)
  object space 122880K, 0% used [0x00000000a0000000,0x00000000a0002000,0x00000000a7800000)
 Metaspace       used 12224K, capacity 12582K, committed 12928K, reserved 1060864K
  class space    used 1668K, capacity 1811K, committed 1920K, reserved 1048576K
Event: 4.628 GC heap after
Heap after GC invocations=2 (full 0):
 PSYoungGen      total 53760K, used 7157K [0x00000000e0000000, 0x00000000e6900000, 0x0000000100000000)
  eden space 46080K, 0% used [0x00000000e0000000,0x00000000e0000000,0x00000000e2d00000)
  from space 7680K, 93% used [0x00000000e3480000,0x00000000e3b7d738,0x00000000e3c00000)
  to   space 7680K, 0% used [0x00000000e2d00000,0x00000000e2d00000,0x00000000e3480000)
 ParOldGen       total 122880K, used 16K [0x00000000a0000000, 0x00000000a7800000, 0x00000000e0000000)
  object space 122880K, 0% used [0x00000000a0000000,0x00000000a0004000,0x00000000a7800000)
 Metaspace       used 12224K, capacity 12582K, committed 12928K, reserved 1060864K
  class space    used 1668K, capacity 1811K, committed 1920K, reserved 1048576K
}

