# JRE version: OpenJDK Runtime Environment (8.0_242) (build 1.8.0_242-release-1644-b3-6222593)
# Java VM: OpenJDK 64-Bit Server VM (25.242-b3-6222593 mixed mode linux-amd64 compressed oops)
Heap:
 PSYoungGen      total 495104K, used 200486K [0x00000000e0000000, 0x0000000100000000, 0x0000000100000000)
  eden space 465920K, 41% used [0x00000000e0000000,0x00000000ebcda5f0,0x00000000fc700000)
  from space 29184K, 24% used [0x00000000fc700000,0x00000000fcdef2e0,0x00000000fe380000)
  to   space 28160K, 0% used [0x00000000fe480000,0x00000000fe480000,0x0000000100000000)
 ParOldGen       total 151040K, used 69038K [0x00000000a0000000, 0x00000000a9380000, 0x00000000e0000000)
  object space 151040K, 45% used [0x00000000a0000000,0x00000000a436b928,0x00000000a9380000)
 Metaspace       used 77866K, capacity 80954K, committed 81176K, reserved 1120256K
  class space    used 10328K, capacity 10966K, committed 11032K, reserved 1048576K
GC Heap History (10 events):
Event: 27.535 GC heap before
{Heap before GC invocations=12 (full 2):
 PSYoungGen      total 309248K, used 296512K [0x00000000e0000000, 0x00000000f9e80000, 0x0000000100000000)
  eden space 294912K, 100% used [0x00000000e0000000,0x00000000f2000000,0x00000000f2000000)
  from space 14336K, 11% used [0x00000000f2000000,0x00000000f2190000,0x00000000f2e00000)
  to   space 14848K, 0% used [0x00000000f9000000,0x00000000f9000000,0x00000000f9e80000)
 ParOldGen       total 90112K, used 13141K [0x00000000a0000000, 0x00000000a5800000, 0x00000000e0000000)
  object space 90112K, 14% used [0x00000000a0000000,0x00000000a0cd5600,0x00000000a5800000)
 Metaspace       used 36801K, capacity 37838K, committed 37936K, reserved 1081344K
  class space    used 4858K, capacity 5141K, committed 5168K, reserved 1048576K
Event: 27.552 GC heap after
Heap after GC invocations=12 (full 2):
 PSYoungGen      total 388096K, used 4451K [0x00000000e0000000, 0x00000000f9480000, 0x0000000100000000)
  eden space 383488K, 0% used [0x00000000e0000000,0x00000000e0000000,0x00000000f7680000)
  from space 4608K, 96% used [0x00000000f9000000,0x00000000f9458df8,0x00000000f9480000)
  to   space 14848K, 0% used [0x00000000f7780000,0x00000000f7780000,0x00000000f8600000)
 ParOldGen       total 90112K, used 13141K [0x00000000a0000000, 0x00000000a5800000, 0x00000000e0000000)
  object space 90112K, 14% used [0x00000000a0000000,0x00000000a0cd5600,0x00000000a5800000)
 Metaspace       used 36801K, capacity 37838K, committed 37936K, reserved 1081344K
  class space    used 4858K, capacity 5141K, committed 5168K, reserved 1048576K
}
Event: 40.326 GC heap before
{Heap before GC invocations=13 (full 2):
 PSYoungGen      total 388096K, used 272122K [0x00000000e0000000, 0x00000000f9480000, 0x0000000100000000)
  eden space 383488K, 69% used [0x00000000e0000000,0x00000000f0565cc0,0x00000000f7680000)
  from space 4608K, 96% used [0x00000000f9000000,0x00000000f9458df8,0x00000000f9480000)
  to   space 14848K, 0% used [0x00000000f7780000,0x00000000f7780000,0x00000000f8600000)
 ParOldGen       total 90112K, used 13141K [0x00000000a0000000, 0x00000000a5800000, 0x00000000e0000000)
  object space 90112K, 14% used [0x00000000a0000000,0x00000000a0cd5600,0x00000000a5800000)
 Metaspace       used 56881K, capacity 59012K, committed 59160K, reserved 1099776K
  class space    used 7618K, capacity 8118K, committed 8216K, reserved 1048576K
Event: 40.418 GC heap after
Heap after GC invocations=13 (full 2):
 PSYoungGen      total 399360K, used 14828K [0x00000000e0000000, 0x0000000100000000, 0x0000000100000000)
  eden space 384512K, 0% used [0x00000000e0000000,0x00000000e0000000,0x00000000f7780000)
  from space 14848K, 99% used [0x00000000f7780000,0x00000000f85fb310,0x00000000f8600000)
  to   space 23040K, 0% used [0x00000000fe980000,0x00000000fe980000,0x0000000100000000)
 ParOldGen       total 90112K, used 30115K [0x00000000a0000000, 0x00000000a5800000, 0x00000000e0000000)
  object space 90112K, 33% used [0x00000000a0000000,0x00000000a1d68c50,0x00000000a5800000)
 Metaspace       used 56881K, capacity 59012K, committed 59160K, reserved 1099776K
  class space    used 7618K, capacity 8118K, committed 8216K, reserved 1048576K
}
Event: 40.418 GC heap before
{Heap before GC invocations=14 (full 3):
 PSYoungGen      total 399360K, used 14828K [0x00000000e0000000, 0x0000000100000000, 0x0000000100000000)
  eden space 384512K, 0% used [0x00000000e0000000,0x00000000e0000000,0x00000000f7780000)
  from space 14848K, 99% used [0x00000000f7780000,0x00000000f85fb310,0x00000000f8600000)
  to   space 23040K, 0% used [0x00000000fe980000,0x00000000fe980000,0x0000000100000000)
 ParOldGen       total 90112K, used 30115K [0x00000000a0000000, 0x00000000a5800000, 0x00000000e0000000)
  object space 90112K, 33% used [0x00000000a0000000,0x00000000a1d68c50,0x00000000a5800000)
 Metaspace       used 56881K, capacity 59012K, committed 59160K, reserved 1099776K
  class space    used 7618K, capacity 8118K, committed 8216K, reserved 1048576K
Event: 40.921 GC heap after
Heap after GC invocations=14 (full 3):
 PSYoungGen      total 399360K, used 0K [0x00000000e0000000, 0x0000000100000000, 0x0000000100000000)
  eden space 384512K, 0% used [0x00000000e0000000,0x00000000e0000000,0x00000000f7780000)
  from space 14848K, 0% used [0x00000000f7780000,0x00000000f7780000,0x00000000f8600000)
  to   space 23040K, 0% used [0x00000000fe980000,0x00000000fe980000,0x0000000100000000)
 ParOldGen       total 151040K, used 43735K [0x00000000a0000000, 0x00000000a9380000, 0x00000000e0000000)
  object space 151040K, 28% used [0x00000000a0000000,0x00000000a2ab5d48,0x00000000a9380000)
 Metaspace       used 56825K, capacity 58872K, committed 59160K, reserved 1099776K
  class space    used 7604K, capacity 8100K, committed 8216K, reserved 1048576K
}
Event: 121.592 GC heap before
{Heap before GC invocations=15 (full 3):
 PSYoungGen      total 399360K, used 384512K [0x00000000e0000000, 0x0000000100000000, 0x0000000100000000)
  eden space 384512K, 100% used [0x00000000e0000000,0x00000000f7780000,0x00000000f7780000)
  from space 14848K, 0% used [0x00000000f7780000,0x00000000f7780000,0x00000000f8600000)
  to   space 23040K, 0% used [0x00000000fe980000,0x00000000fe980000,0x0000000100000000)
 ParOldGen       total 151040K, used 43735K [0x00000000a0000000, 0x00000000a9380000, 0x00000000e0000000)
  object space 151040K, 28% used [0x00000000a0000000,0x00000000a2ab5d48,0x00000000a9380000)
 Metaspace       used 75610K, capacity 78270K, committed 78488K, reserved 1118208K
  class space    used 10079K, capacity 10632K, committed 10648K, reserved 1048576K
Event: 121.775 GC heap after
Heap after GC invocations=15 (full 3):
 PSYoungGen      total 488960K, used 23009K [0x00000000e0000000, 0x0000000100000000, 0x0000000100000000)
  eden space 465920K, 0% used [0x00000000e0000000,0x00000000e0000000,0x00000000fc700000)
  from space 23040K, 99% used [0x00000000fe980000,0x00000000ffff8568,0x0000000100000000)
  to   space 29184K, 0% used [0x00000000fc700000,0x00000000fc700000,0x00000000fe380000)
 ParOldGen       total 151040K, used 50362K [0x00000000a0000000, 0x00000000a9380000, 0x00000000e0000000)
  object space 151040K, 33% used [0x00000000a0000000,0x00000000a312e8c8,0x00000000a9380000)
 Metaspace       used 75610K, capacity 78270K, committed 78488K, reserved 1118208K
  class space    used 10079K, capacity 10632K, committed 10648K, reserved 1048576K
}
Event: 131.313 GC heap before
{Heap before GC invocations=16 (full 3):
 PSYoungGen      total 488960K, used 488929K [0x00000000e0000000, 0x0000000100000000, 0x0000000100000000)
  eden space 465920K, 100% used [0x00000000e0000000,0x00000000fc700000,0x00000000fc700000)
  from space 23040K, 99% used [0x00000000fe980000,0x00000000ffff8568,0x0000000100000000)
  to   space 29184K, 0% used [0x00000000fc700000,0x00000000fc700000,0x00000000fe380000)
 ParOldGen       total 151040K, used 50362K [0x00000000a0000000, 0x00000000a9380000, 0x00000000e0000000)
  object space 151040K, 33% used [0x00000000a0000000,0x00000000a312e8c8,0x00000000a9380000)
 Metaspace       used 77480K, capacity 80582K, committed 80920K, reserved 1120256K
  class space    used 10300K, capacity 10926K, committed 11032K, reserved 1048576K
Event: 131.496 GC heap after
Heap after GC invocations=16 (full 3):
 PSYoungGen      total 495104K, used 7100K [0x00000000e0000000, 0x0000000100000000, 0x0000000100000000)
  eden space 465920K, 0% used [0x00000000e0000000,0x00000000e0000000,0x00000000fc700000)
  from space 29184K, 24% used [0x00000000fc700000,0x00000000fcdef2e0,0x00000000fe380000)
  to   space 28160K, 0% used [0x00000000fe480000,0x00000000fe480000,0x0000000100000000)
 ParOldGen       total 151040K, used 69038K [0x00000000a0000000, 0x00000000a9380000, 0x00000000e0000000)
  object space 151040K, 45% used [0x00000000a0000000,0x00000000a436b928,0x00000000a9380000)
 Metaspace       used 77480K, capacity 80582K, committed 80920K, reserved 1120256K
  class space    used 10300K, capacity 10926K, committed 11032K, reserved 1048576K
}

